==============================================================================
Orderrob :: Orders robots from RobotSpareBin Industries Inc. Saves the orde...
==============================================================================
Order robots from RobotSpareBin Industries Inc                        Printing 1
Capturing Screenshot to D:\MyProg\Professional_Links\Python\RPA_Framework\Certification\RPA_Practice\ROB_Orders_Entering_CertLevII\image\1.png
PDFImagePrinting Embedding image FUNC D:\MyProg\Professional_Links\Python\RPA_Framework\Certification\RPA_Practice\ROB_Orders_Entering_CertLevII\image\1.png in pdf file D:\MyProg\Professional_Links\Python\RPA_Framework\Certification\RPA_Practice\ROB_Orders_Entering_CertLevII\pdf\1.pdf
Printing 2
Capturing Screenshot to D:\MyProg\Professional_Links\Python\RPA_Framework\Certification\RPA_Practice\ROB_Orders_Entering_CertLevII\image\2.png
PDFImagePrinting Embedding image FUNC D:\MyProg\Professional_Links\Python\RPA_Framework\Certification\RPA_Practice\ROB_Orders_Entering_CertLevII\image\2.png in pdf file D:\MyProg\Professional_Links\Python\RPA_Framework\Certification\RPA_Practice\ROB_Orders_Entering_CertLevII\pdf\2.pdf
Printing 3
Capturing Screenshot to D:\MyProg\Professional_Links\Python\RPA_Framework\Certification\RPA_Practice\ROB_Orders_Entering_CertLevII\image\3.png
PDFImagePrinting Embedding image FUNC D:\MyProg\Professional_Links\Python\RPA_Framework\Certification\RPA_Practice\ROB_Orders_Entering_CertLevII\image\3.png in pdf file D:\MyProg\Professional_Links\Python\RPA_Framework\Certification\RPA_Practice\ROB_Orders_Entering_CertLevII\pdf\3.pdf
Printing 4
Capturing Screenshot to D:\MyProg\Professional_Links\Python\RPA_Framework\Certification\RPA_Practice\ROB_Orders_Entering_CertLevII\image\4.png
PDFImagePrinting Embedding image FUNC D:\MyProg\Professional_Links\Python\RPA_Framework\Certification\RPA_Practice\ROB_Orders_Entering_CertLevII\image\4.png in pdf file D:\MyProg\Professional_Links\Python\RPA_Framework\Certification\RPA_Practice\ROB_Orders_Entering_CertLevII\pdf\4.pdf
Printing 5
Capturing Screenshot to D:\MyProg\Professional_Links\Python\RPA_Framework\Certification\RPA_Practice\ROB_Orders_Entering_CertLevII\image\5.png
PDFImagePrinting Embedding image FUNC D:\MyProg\Professional_Links\Python\RPA_Framework\Certification\RPA_Practice\ROB_Orders_Entering_CertLevII\image\5.png in pdf file D:\MyProg\Professional_Links\Python\RPA_Framework\Certification\RPA_Practice\ROB_Orders_Entering_CertLevII\pdf\5.pdf
Printing 6
Capturing Screenshot to D:\MyProg\Professional_Links\Python\RPA_Framework\Certification\RPA_Practice\ROB_Orders_Entering_CertLevII\image\6.png
PDFImagePrinting Embedding image FUNC D:\MyProg\Professional_Links\Python\RPA_Framework\Certification\RPA_Practice\ROB_Orders_Entering_CertLevII\image\6.png in pdf file D:\MyProg\Professional_Links\Python\RPA_Framework\Certification\RPA_Practice\ROB_Orders_Entering_CertLevII\pdf\6.pdf
Printing 7
Capturing Screenshot to D:\MyProg\Professional_Links\Python\RPA_Framework\Certification\RPA_Practice\ROB_Orders_Entering_CertLevII\image\7.png
PDFImagePrinting Embedding image FUNC D:\MyProg\Professional_Links\Python\RPA_Framework\Certification\RPA_Practice\ROB_Orders_Entering_CertLevII\image\7.png in pdf file D:\MyProg\Professional_Links\Python\RPA_Framework\Certification\RPA_Practice\ROB_Orders_Entering_CertLevII\pdf\7.pdf
Printing 8
Capturing Screenshot to D:\MyProg\Professional_Links\Python\RPA_Framework\Certification\RPA_Practice\ROB_Orders_Entering_CertLevII\image\8.png
PDFImagePrinting Embedding image FUNC D:\MyProg\Professional_Links\Python\RPA_Framework\Certification\RPA_Practice\ROB_Orders_Entering_CertLevII\image\8.png in pdf file D:\MyProg\Professional_Links\Python\RPA_Framework\Certification\RPA_Practice\ROB_Orders_Entering_CertLevII\pdf\8.pdf
Printing 9
Capturing Screenshot to D:\MyProg\Professional_Links\Python\RPA_Framework\Certification\RPA_Practice\ROB_Orders_Entering_CertLevII\image\9.png
PDFImagePrinting Embedding image FUNC D:\MyProg\Professional_Links\Python\RPA_Framework\Certification\RPA_Practice\ROB_Orders_Entering_CertLevII\image\9.png in pdf file D:\MyProg\Professional_Links\Python\RPA_Framework\Certification\RPA_Practice\ROB_Orders_Entering_CertLevII\pdf\9.pdf
Printing 10
Capturing Screenshot to D:\MyProg\Professional_Links\Python\RPA_Framework\Certification\RPA_Practice\ROB_Orders_Entering_CertLevII\image\10.png
PDFImagePrinting Embedding image FUNC D:\MyProg\Professional_Links\Python\RPA_Framework\Certification\RPA_Practice\ROB_Orders_Entering_CertLevII\image\10.png in pdf file D:\MyProg\Professional_Links\Python\RPA_Framework\Certification\RPA_Practice\ROB_Orders_Entering_CertLevII\pdf\10.pdf
Printing 11
Capturing Screenshot to D:\MyProg\Professional_Links\Python\RPA_Framework\Certification\RPA_Practice\ROB_Orders_Entering_CertLevII\image\11.png
PDFImagePrinting Embedding image FUNC D:\MyProg\Professional_Links\Python\RPA_Framework\Certification\RPA_Practice\ROB_Orders_Entering_CertLevII\image\11.png in pdf file D:\MyProg\Professional_Links\Python\RPA_Framework\Certification\RPA_Practice\ROB_Orders_Entering_CertLevII\pdf\11.pdf
Printing 12
Capturing Screenshot to D:\MyProg\Professional_Links\Python\RPA_Framework\Certification\RPA_Practice\ROB_Orders_Entering_CertLevII\image\12.png
PDFImagePrinting Embedding image FUNC D:\MyProg\Professional_Links\Python\RPA_Framework\Certification\RPA_Practice\ROB_Orders_Entering_CertLevII\image\12.png in pdf file D:\MyProg\Professional_Links\Python\RPA_Framework\Certification\RPA_Practice\ROB_Orders_Entering_CertLevII\pdf\12.pdf
Printing 13
Capturing Screenshot to D:\MyProg\Professional_Links\Python\RPA_Framework\Certification\RPA_Practice\ROB_Orders_Entering_CertLevII\image\13.png
PDFImagePrinting Embedding image FUNC D:\MyProg\Professional_Links\Python\RPA_Framework\Certification\RPA_Practice\ROB_Orders_Entering_CertLevII\image\13.png in pdf file D:\MyProg\Professional_Links\Python\RPA_Framework\Certification\RPA_Practice\ROB_Orders_Entering_CertLevII\pdf\13.pdf
Printing 14
Capturing Screenshot to D:\MyProg\Professional_Links\Python\RPA_Framework\Certification\RPA_Practice\ROB_Orders_Entering_CertLevII\image\14.png
PDFImagePrinting Embedding image FUNC D:\MyProg\Professional_Links\Python\RPA_Framework\Certification\RPA_Practice\ROB_Orders_Entering_CertLevII\image\14.png in pdf file D:\MyProg\Professional_Links\Python\RPA_Framework\Certification\RPA_Practice\ROB_Orders_Entering_CertLevII\pdf\14.pdf
Printing 15
Capturing Screenshot to D:\MyProg\Professional_Links\Python\RPA_Framework\Certification\RPA_Practice\ROB_Orders_Entering_CertLevII\image\15.png
PDFImagePrinting Embedding image FUNC D:\MyProg\Professional_Links\Python\RPA_Framework\Certification\RPA_Practice\ROB_Orders_Entering_CertLevII\image\15.png in pdf file D:\MyProg\Professional_Links\Python\RPA_Framework\Certification\RPA_Practice\ROB_Orders_Entering_CertLevII\pdf\15.pdf
Printing 16
Capturing Screenshot to D:\MyProg\Professional_Links\Python\RPA_Framework\Certification\RPA_Practice\ROB_Orders_Entering_CertLevII\image\16.png
PDFImagePrinting Embedding image FUNC D:\MyProg\Professional_Links\Python\RPA_Framework\Certification\RPA_Practice\ROB_Orders_Entering_CertLevII\image\16.png in pdf file D:\MyProg\Professional_Links\Python\RPA_Framework\Certification\RPA_Practice\ROB_Orders_Entering_CertLevII\pdf\16.pdf
Printing 17
Capturing Screenshot to D:\MyProg\Professional_Links\Python\RPA_Framework\Certification\RPA_Practice\ROB_Orders_Entering_CertLevII\image\17.png
PDFImagePrinting Embedding image FUNC D:\MyProg\Professional_Links\Python\RPA_Framework\Certification\RPA_Practice\ROB_Orders_Entering_CertLevII\image\17.png in pdf file D:\MyProg\Professional_Links\Python\RPA_Framework\Certification\RPA_Practice\ROB_Orders_Entering_CertLevII\pdf\17.pdf
Printing 18
Capturing Screenshot to D:\MyProg\Professional_Links\Python\RPA_Framework\Certification\RPA_Practice\ROB_Orders_Entering_CertLevII\image\18.png
PDFImagePrinting Embedding image FUNC D:\MyProg\Professional_Links\Python\RPA_Framework\Certification\RPA_Practice\ROB_Orders_Entering_CertLevII\image\18.png in pdf file D:\MyProg\Professional_Links\Python\RPA_Framework\Certification\RPA_Practice\ROB_Orders_Entering_CertLevII\pdf\18.pdf
Printing 19
Capturing Screenshot to D:\MyProg\Professional_Links\Python\RPA_Framework\Certification\RPA_Practice\ROB_Orders_Entering_CertLevII\image\19.png
PDFImagePrinting Embedding image FUNC D:\MyProg\Professional_Links\Python\RPA_Framework\Certification\RPA_Practice\ROB_Orders_Entering_CertLevII\image\19.png in pdf file D:\MyProg\Professional_Links\Python\RPA_Framework\Certification\RPA_Practice\ROB_Orders_Entering_CertLevII\pdf\19.pdf
Printing 20
Capturing Screenshot to D:\MyProg\Professional_Links\Python\RPA_Framework\Certification\RPA_Practice\ROB_Orders_Entering_CertLevII\image\20.png
PDFImagePrinting Embedding image FUNC D:\MyProg\Professional_Links\Python\RPA_Framework\Certification\RPA_Practice\ROB_Orders_Entering_CertLevII\image\20.png in pdf file D:\MyProg\Professional_Links\Python\RPA_Framework\Certification\RPA_Practice\ROB_Orders_Entering_CertLevII\pdf\20.pdf
| PASS |
------------------------------------------------------------------------------
Orderrob :: Orders robots from RobotSpareBin Industries Inc. Saves... | PASS |
1 task, 1 passed, 0 failed
==============================================================================
Output:  D:\MyProg\Professional_Links\Python\RPA_Framework\Certification\RPA_Practice\ROB_Orders_Entering_CertLevII\output\output.xml
Log:     D:\MyProg\Professional_Links\Python\RPA_Framework\Certification\RPA_Practice\ROB_Orders_Entering_CertLevII\output\log.html
